<?xml version="1.0" encoding="UTF-8"?>
<coverage generated="1770782785558" clover="3.2.0">
  <project timestamp="1770782785558" name="All files">
    <metrics statements="61" coveredstatements="48" conditionals="9" coveredconditionals="5" methods="20" coveredmethods="9" elements="90" coveredelements="62" complexity="0" loc="61" ncloc="61" packages="5" files="6" classes="6"/>
    <package name="application">
      <metrics statements="11" coveredstatements="4" conditionals="2" coveredconditionals="0" methods="6" coveredmethods="0"/>
      <file name="user.service.ts" path="C:\project-root\backend\src\application\user.service.ts">
        <metrics statements="11" coveredstatements="4" conditionals="2" coveredconditionals="0" methods="6" coveredmethods="0"/>
        <line num="3" count="1" type="stmt"/>
        <line num="4" count="1" type="stmt"/>
        <line num="5" count="1" type="stmt"/>
        <line num="8" count="1" type="stmt"/>
        <line num="9" count="0" type="stmt"/>
        <line num="12" count="0" type="stmt"/>
        <line num="13" count="0" type="stmt"/>
        <line num="24" count="0" type="stmt"/>
        <line num="28" count="0" type="stmt"/>
        <line num="32" count="0" type="stmt"/>
        <line num="39" count="0" type="stmt"/>
      </file>
    </package>
    <package name="domain">
      <metrics statements="28" coveredstatements="27" conditionals="7" coveredconditionals="5" methods="6" coveredmethods="6"/>
      <file name="material.entity.ts" path="C:\project-root\backend\src\domain\material.entity.ts">
        <metrics statements="17" coveredstatements="16" conditionals="3" coveredconditionals="1" methods="4" coveredmethods="4"/>
        <line num="3" count="1" type="stmt"/>
        <line num="5" count="3" type="stmt"/>
        <line num="6" count="3" type="stmt"/>
        <line num="7" count="3" type="stmt"/>
        <line num="8" count="3" type="stmt"/>
        <line num="9" count="3" type="stmt"/>
        <line num="10" count="3" type="stmt"/>
        <line num="11" count="3" type="stmt"/>
        <line num="12" count="3" type="stmt"/>
        <line num="13" count="3" type="stmt"/>
        <line num="14" count="3" type="stmt"/>
        <line num="19" count="1" type="stmt"/>
        <line num="23" count="1" type="cond" truecount="0" falsecount="1"/>
        <line num="24" count="1" type="stmt"/>
        <line num="28" count="1" type="cond" truecount="0" falsecount="1"/>
        <line num="29" count="1" type="cond" truecount="1" falsecount="0"/>
        <line num="30" count="0" type="stmt"/>
      </file>
      <file name="stock-movement.entity.ts" path="C:\project-root\backend\src\domain\stock-movement.entity.ts">
        <metrics statements="11" coveredstatements="11" conditionals="4" coveredconditionals="4" methods="2" coveredmethods="2"/>
        <line num="5" count="1" type="stmt"/>
        <line num="7" count="3" type="stmt"/>
        <line num="8" count="3" type="stmt"/>
        <line num="9" count="3" type="stmt"/>
        <line num="10" count="3" type="stmt"/>
        <line num="11" count="3" type="stmt"/>
        <line num="12" count="3" type="stmt"/>
        <line num="17" count="3" type="cond" truecount="1" falsecount="0"/>
        <line num="18" count="1" type="stmt"/>
        <line num="20" count="2" type="cond" truecount="3" falsecount="0"/>
        <line num="21" count="1" type="stmt"/>
      </file>
    </package>
    <package name="infrastructure">
      <metrics statements="5" coveredstatements="3" conditionals="0" coveredconditionals="0" methods="2" coveredmethods="0"/>
      <file name="prisma.service.ts" path="C:\project-root\backend\src\infrastructure\prisma.service.ts">
        <metrics statements="5" coveredstatements="3" conditionals="0" coveredconditionals="0" methods="2" coveredmethods="0"/>
        <line num="3" count="1" type="stmt"/>
        <line num="4" count="1" type="stmt"/>
        <line num="7" count="1" type="stmt"/>
        <line num="9" count="0" type="stmt"/>
        <line num="13" count="0" type="stmt"/>
      </file>
    </package>
    <package name="presentation">
      <metrics statements="15" coveredstatements="12" conditionals="0" coveredconditionals="0" methods="6" coveredmethods="3"/>
      <file name="user.controller.ts" path="C:\project-root\backend\src\presentation\user.controller.ts">
        <metrics statements="15" coveredstatements="12" conditionals="0" coveredconditionals="0" methods="6" coveredmethods="3"/>
        <line num="3" count="1" type="stmt"/>
        <line num="4" count="1" type="stmt"/>
        <line num="5" count="1" type="stmt"/>
        <line num="8" count="1" type="stmt"/>
        <line num="9" count="2" type="stmt"/>
        <line num="12" count="1" type="stmt"/>
        <line num="13" count="1" type="stmt"/>
        <line num="17" count="1" type="stmt"/>
        <line num="18" count="1" type="stmt"/>
        <line num="22" count="1" type="stmt"/>
        <line num="23" count="0" type="stmt"/>
        <line num="27" count="1" type="stmt"/>
        <line num="28" count="0" type="stmt"/>
        <line num="32" count="1" type="stmt"/>
        <line num="33" count="0" type="stmt"/>
      </file>
    </package>
    <package name="presentation.dto">
      <metrics statements="2" coveredstatements="2" conditionals="0" coveredconditionals="0" methods="0" coveredmethods="0"/>
      <file name="user.dto.ts" path="C:\project-root\backend\src\presentation\dto\user.dto.ts">
        <metrics statements="2" coveredstatements="2" conditionals="0" coveredconditionals="0" methods="0" coveredmethods="0"/>
        <line num="3" count="1" type="stmt"/>
        <line num="10" count="1" type="stmt"/>
      </file>
    </package>
  </project>
</coverage>
