{"C:\\project-root\\backend\\src\\application\\user.service.ts": {"path":"C:\\project-root\\backend\\src\\application\\user.service.ts","statementMap":{"0":{"start":{"line":3,"column":0},"end":{"line":3,"column":44}},"1":{"start":{"line":4,"column":0},"end":{"line":4,"column":65}},"2":{"start":{"line":5,"column":0},"end":{"line":5,"column":33}},"3":{"start":{"line":8,"column":7},"end":{"line":41,"column":null}},"4":{"start":{"line":9,"column":22},"end":{"line":9,"column":30}},"5":{"start":{"line":12,"column":27},"end":{"line":12,"column":59}},"6":{"start":{"line":13,"column":4},"end":{"line":20,"column":7}},"7":{"start":{"line":24,"column":4},"end":{"line":24,"column":39}},"8":{"start":{"line":28,"column":4},"end":{"line":28,"column":58}},"9":{"start":{"line":32,"column":4},"end":{"line":35,"column":7}},"10":{"start":{"line":39,"column":4},"end":{"line":39,"column":54}},"11":{"start":{"line":8,"column":13},"end":{"line":8,"column":24}},"12":{"start":{"line":8,"column":13},"end":{"line":41,"column":null}}},"fnMap":{"0":{"name":"(anonymous_11)","decl":{"start":{"line":9,"column":2},"end":{"line":9,"column":22}},"loc":{"start":{"line":9,"column":43},"end":{"line":9,"column":47}}},"1":{"name":"(anonymous_12)","decl":{"start":{"line":11,"column":2},"end":{"line":11,"column":7}},"loc":{"start":{"line":11,"column":23},"end":{"line":21,"column":3}}},"2":{"name":"(anonymous_13)","decl":{"start":{"line":23,"column":2},"end":{"line":23,"column":7}},"loc":{"start":{"line":23,"column":15},"end":{"line":25,"column":3}}},"3":{"name":"(anonymous_14)","decl":{"start":{"line":27,"column":2},"end":{"line":27,"column":7}},"loc":{"start":{"line":27,"column":26},"end":{"line":29,"column":3}}},"4":{"name":"(anonymous_15)","decl":{"start":{"line":31,"column":2},"end":{"line":31,"column":7}},"loc":{"start":{"line":31,"column":35},"end":{"line":36,"column":3}}},"5":{"name":"(anonymous_16)","decl":{"start":{"line":38,"column":2},"end":{"line":38,"column":7}},"loc":{"start":{"line":38,"column":25},"end":{"line":40,"column":3}}}},"branchMap":{"0":{"loc":{"start":{"line":18,"column":16},"end":{"line":18,"column":40}},"type":"binary-expr","locations":[{"start":{"line":18,"column":16},"end":{"line":18,"column":26}},{"start":{"line":18,"column":30},"end":{"line":18,"column":40}}]}},"s":{"0":1,"1":1,"2":1,"3":1,"4":0,"5":0,"6":0,"7":0,"8":0,"9":0,"10":0,"11":1,"12":1},"f":{"0":0,"1":0,"2":0,"3":0,"4":0,"5":0},"b":{"0":[0,0]}}
,"C:\\project-root\\backend\\src\\domain\\material.entity.ts": {"path":"C:\\project-root\\backend\\src\\domain\\material.entity.ts","statementMap":{"0":{"start":{"line":5,"column":11},"end":{"line":5,"column":21}},"1":{"start":{"line":6,"column":11},"end":{"line":6,"column":25}},"2":{"start":{"line":7,"column":11},"end":{"line":7,"column":23}},"3":{"start":{"line":8,"column":11},"end":{"line":8,"column":35}},"4":{"start":{"line":9,"column":11},"end":{"line":9,"column":35}},"5":{"start":{"line":10,"column":11},"end":{"line":10,"column":32}},"6":{"start":{"line":11,"column":11},"end":{"line":11,"column":36}},"7":{"start":{"line":12,"column":11},"end":{"line":12,"column":32}},"8":{"start":{"line":13,"column":11},"end":{"line":13,"column":28}},"9":{"start":{"line":14,"column":11},"end":{"line":14,"column":32}},"10":{"start":{"line":19,"column":4},"end":{"line":19,"column":56}},"11":{"start":{"line":23,"column":4},"end":{"line":23,"column":71}},"12":{"start":{"line":23,"column":18},"end":{"line":23,"column":71}},"13":{"start":{"line":24,"column":4},"end":{"line":24,"column":34}},"14":{"start":{"line":28,"column":4},"end":{"line":28,"column":69}},"15":{"start":{"line":28,"column":18},"end":{"line":28,"column":69}},"16":{"start":{"line":29,"column":4},"end":{"line":29,"column":83}},"17":{"start":{"line":29,"column":42},"end":{"line":29,"column":83}},"18":{"start":{"line":30,"column":4},"end":{"line":30,"column":34}},"19":{"start":{"line":3,"column":0},"end":{"line":3,"column":13}}},"fnMap":{"0":{"name":"(anonymous_0)","decl":{"start":{"line":4,"column":2},"end":{"line":4,"column":null}},"loc":{"start":{"line":14,"column":32},"end":{"line":15,"column":6}}},"1":{"name":"(anonymous_1)","decl":{"start":{"line":18,"column":9},"end":{"line":18,"column":29}},"loc":{"start":{"line":18,"column":29},"end":{"line":20,"column":3}}},"2":{"name":"(anonymous_2)","decl":{"start":{"line":22,"column":9},"end":{"line":22,"column":25}},"loc":{"start":{"line":22,"column":37},"end":{"line":25,"column":3}}},"3":{"name":"(anonymous_3)","decl":{"start":{"line":27,"column":9},"end":{"line":27,"column":23}},"loc":{"start":{"line":27,"column":35},"end":{"line":31,"column":3}}}},"branchMap":{"0":{"loc":{"start":{"line":23,"column":4},"end":{"line":23,"column":71}},"type":"if","locations":[{"start":{"line":23,"column":4},"end":{"line":23,"column":71}}]},"1":{"loc":{"start":{"line":28,"column":4},"end":{"line":28,"column":69}},"type":"if","locations":[{"start":{"line":28,"column":4},"end":{"line":28,"column":69}}]},"2":{"loc":{"start":{"line":29,"column":4},"end":{"line":29,"column":83}},"type":"if","locations":[{"start":{"line":29,"column":4},"end":{"line":29,"column":83}}]}},"s":{"0":3,"1":3,"2":3,"3":3,"4":3,"5":3,"6":3,"7":3,"8":3,"9":3,"10":1,"11":1,"12":0,"13":1,"14":1,"15":0,"16":1,"17":1,"18":0,"19":1},"f":{"0":3,"1":1,"2":1,"3":1},"b":{"0":[0],"1":[0],"2":[1]}}
,"C:\\project-root\\backend\\src\\domain\\stock-movement.entity.ts": {"path":"C:\\project-root\\backend\\src\\domain\\stock-movement.entity.ts","statementMap":{"0":{"start":{"line":7,"column":11},"end":{"line":7,"column":21}},"1":{"start":{"line":8,"column":11},"end":{"line":8,"column":30}},"2":{"start":{"line":9,"column":11},"end":{"line":9,"column":29}},"3":{"start":{"line":10,"column":11},"end":{"line":10,"column":33}},"4":{"start":{"line":11,"column":11},"end":{"line":11,"column":29}},"5":{"start":{"line":12,"column":11},"end":{"line":12,"column":35}},"6":{"start":{"line":17,"column":4},"end":{"line":19,"column":5}},"7":{"start":{"line":18,"column":6},"end":{"line":18,"column":61}},"8":{"start":{"line":20,"column":4},"end":{"line":22,"column":5}},"9":{"start":{"line":21,"column":6},"end":{"line":21,"column":56}},"10":{"start":{"line":5,"column":0},"end":{"line":5,"column":13}}},"fnMap":{"0":{"name":"(anonymous_0)","decl":{"start":{"line":6,"column":2},"end":{"line":6,"column":null}},"loc":{"start":{"line":12,"column":35},"end":{"line":13,"column":6}}},"1":{"name":"(anonymous_1)","decl":{"start":{"line":16,"column":9},"end":{"line":16,"column":25}},"loc":{"start":{"line":16,"column":25},"end":{"line":23,"column":3}}}},"branchMap":{"0":{"loc":{"start":{"line":17,"column":4},"end":{"line":19,"column":5}},"type":"if","locations":[{"start":{"line":17,"column":4},"end":{"line":19,"column":5}}]},"1":{"loc":{"start":{"line":20,"column":4},"end":{"line":22,"column":5}},"type":"if","locations":[{"start":{"line":20,"column":4},"end":{"line":22,"column":5}}]},"2":{"loc":{"start":{"line":20,"column":8},"end":{"line":20,"column":56}},"type":"binary-expr","locations":[{"start":{"line":20,"column":8},"end":{"line":20,"column":31}},{"start":{"line":20,"column":35},"end":{"line":20,"column":56}}]}},"s":{"0":3,"1":3,"2":3,"3":3,"4":3,"5":3,"6":3,"7":1,"8":2,"9":1,"10":1},"f":{"0":3,"1":3},"b":{"0":[1],"1":[1],"2":[2,1]}}
,"C:\\project-root\\backend\\src\\infrastructure\\prisma.service.ts": {"path":"C:\\project-root\\backend\\src\\infrastructure\\prisma.service.ts","statementMap":{"0":{"start":{"line":3,"column":0},"end":{"line":3,"column":75}},"1":{"start":{"line":4,"column":0},"end":{"line":4,"column":46}},"2":{"start":{"line":7,"column":7},"end":{"line":15,"column":null}},"3":{"start":{"line":9,"column":4},"end":{"line":9,"column":26}},"4":{"start":{"line":13,"column":4},"end":{"line":13,"column":29}},"5":{"start":{"line":7,"column":13},"end":{"line":7,"column":26}},"6":{"start":{"line":7,"column":13},"end":{"line":15,"column":null}}},"fnMap":{"0":{"name":"(anonymous_1)","decl":{"start":{"line":8,"column":2},"end":{"line":8,"column":7}},"loc":{"start":{"line":8,"column":20},"end":{"line":10,"column":3}}},"1":{"name":"(anonymous_2)","decl":{"start":{"line":12,"column":2},"end":{"line":12,"column":7}},"loc":{"start":{"line":12,"column":23},"end":{"line":14,"column":3}}}},"branchMap":{},"s":{"0":1,"1":1,"2":1,"3":0,"4":0,"5":1,"6":1},"f":{"0":0,"1":0},"b":{}}
,"C:\\project-root\\backend\\src\\presentation\\user.controller.ts": {"path":"C:\\project-root\\backend\\src\\presentation\\user.controller.ts","statementMap":{"0":{"start":{"line":3,"column":0},"end":{"line":3,"column":81}},"1":{"start":{"line":4,"column":0},"end":{"line":4,"column":58}},"2":{"start":{"line":5,"column":0},"end":{"line":5,"column":62}},"3":{"start":{"line":8,"column":7},"end":{"line":35,"column":null}},"4":{"start":{"line":9,"column":31},"end":{"line":9,"column":44}},"5":{"start":{"line":13,"column":4},"end":{"line":13,"column":40}},"6":{"start":{"line":18,"column":4},"end":{"line":18,"column":38}},"7":{"start":{"line":23,"column":4},"end":{"line":23,"column":48}},"8":{"start":{"line":28,"column":4},"end":{"line":28,"column":52}},"9":{"start":{"line":33,"column":4},"end":{"line":33,"column":47}},"10":{"start":{"line":8,"column":13},"end":{"line":8,"column":27}},"11":{"start":{"line":12,"column":8},"end":{"line":14,"column":null}},"12":{"start":{"line":17,"column":8},"end":{"line":19,"column":null}},"13":{"start":{"line":22,"column":8},"end":{"line":24,"column":null}},"14":{"start":{"line":27,"column":8},"end":{"line":29,"column":null}},"15":{"start":{"line":32,"column":8},"end":{"line":34,"column":null}},"16":{"start":{"line":8,"column":13},"end":{"line":35,"column":null}}},"fnMap":{"0":{"name":"(anonymous_4)","decl":{"start":{"line":9,"column":2},"end":{"line":9,"column":31}},"loc":{"start":{"line":9,"column":55},"end":{"line":9,"column":59}}},"1":{"name":"(anonymous_5)","decl":{"start":{"line":12,"column":2},"end":{"line":12,"column":7}},"loc":{"start":{"line":12,"column":41},"end":{"line":14,"column":3}}},"2":{"name":"(anonymous_6)","decl":{"start":{"line":17,"column":2},"end":{"line":17,"column":7}},"loc":{"start":{"line":17,"column":15},"end":{"line":19,"column":3}}},"3":{"name":"(anonymous_7)","decl":{"start":{"line":22,"column":2},"end":{"line":22,"column":7}},"loc":{"start":{"line":22,"column":39},"end":{"line":24,"column":3}}},"4":{"name":"(anonymous_8)","decl":{"start":{"line":27,"column":2},"end":{"line":27,"column":7}},"loc":{"start":{"line":27,"column":66},"end":{"line":29,"column":3}}},"5":{"name":"(anonymous_9)","decl":{"start":{"line":32,"column":2},"end":{"line":32,"column":7}},"loc":{"start":{"line":32,"column":38},"end":{"line":34,"column":3}}}},"branchMap":{},"s":{"0":1,"1":1,"2":1,"3":1,"4":2,"5":1,"6":1,"7":0,"8":0,"9":0,"10":1,"11":1,"12":1,"13":1,"14":1,"15":1,"16":1},"f":{"0":2,"1":1,"2":1,"3":0,"4":0,"5":0},"b":{}}
,"C:\\project-root\\backend\\src\\presentation\\dto\\user.dto.ts": {"path":"C:\\project-root\\backend\\src\\presentation\\dto\\user.dto.ts","statementMap":{"0":{"start":{"line":3,"column":0},"end":{"line":3,"column":13}},"1":{"start":{"line":10,"column":0},"end":{"line":10,"column":13}}},"fnMap":{},"branchMap":{},"s":{"0":1,"1":1},"f":{},"b":{}}
}
