TN:
SF:src\application\user.service.ts
FN:9,(anonymous_11)
FN:11,(anonymous_12)
FN:23,(anonymous_13)
FN:27,(anonymous_14)
FN:31,(anonymous_15)
FN:38,(anonymous_16)
FNF:6
FNH:0
FNDA:0,(anonymous_11)
FNDA:0,(anonymous_12)
FNDA:0,(anonymous_13)
FNDA:0,(anonymous_14)
FNDA:0,(anonymous_15)
FNDA:0,(anonymous_16)
DA:3,1
DA:4,1
DA:5,1
DA:8,1
DA:9,0
DA:12,0
DA:13,0
DA:24,0
DA:28,0
DA:32,0
DA:39,0
LF:11
LH:4
BRDA:18,0,0,0
BRDA:18,0,1,0
BRF:2
BRH:0
end_of_record
TN:
SF:src\domain\material.entity.ts
FN:4,(anonymous_0)
FN:18,(anonymous_1)
FN:22,(anonymous_2)
FN:27,(anonymous_3)
FNF:4
FNH:4
FNDA:3,(anonymous_0)
FNDA:1,(anonymous_1)
FNDA:1,(anonymous_2)
FNDA:1,(anonymous_3)
DA:3,1
DA:5,3
DA:6,3
DA:7,3
DA:8,3
DA:9,3
DA:10,3
DA:11,3
DA:12,3
DA:13,3
DA:14,3
DA:19,1
DA:23,1
DA:24,1
DA:28,1
DA:29,1
DA:30,0
LF:17
LH:16
BRDA:23,0,0,0
BRDA:28,1,0,0
BRDA:29,2,0,1
BRF:3
BRH:1
end_of_record
TN:
SF:src\domain\stock-movement.entity.ts
FN:6,(anonymous_0)
FN:16,(anonymous_1)
FNF:2
FNH:2
FNDA:3,(anonymous_0)
FNDA:3,(anonymous_1)
DA:5,1
DA:7,3
DA:8,3
DA:9,3
DA:10,3
DA:11,3
DA:12,3
DA:17,3
DA:18,1
DA:20,2
DA:21,1
LF:11
LH:11
BRDA:17,0,0,1
BRDA:20,1,0,1
BRDA:20,2,0,2
BRDA:20,2,1,1
BRF:4
BRH:4
end_of_record
TN:
SF:src\infrastructure\prisma.service.ts
FN:8,(anonymous_1)
FN:12,(anonymous_2)
FNF:2
FNH:0
FNDA:0,(anonymous_1)
FNDA:0,(anonymous_2)
DA:3,1
DA:4,1
DA:7,1
DA:9,0
DA:13,0
LF:5
LH:3
BRF:0
BRH:0
end_of_record
TN:
SF:src\presentation\user.controller.ts
FN:9,(anonymous_4)
FN:12,(anonymous_5)
FN:17,(anonymous_6)
FN:22,(anonymous_7)
FN:27,(anonymous_8)
FN:32,(anonymous_9)
FNF:6
FNH:3
FNDA:2,(anonymous_4)
FNDA:1,(anonymous_5)
FNDA:1,(anonymous_6)
FNDA:0,(anonymous_7)
FNDA:0,(anonymous_8)
FNDA:0,(anonymous_9)
DA:3,1
DA:4,1
DA:5,1
DA:8,1
DA:9,2
DA:12,1
DA:13,1
DA:17,1
DA:18,1
DA:22,1
DA:23,0
DA:27,1
DA:28,0
DA:32,1
DA:33,0
LF:15
LH:12
BRF:0
BRH:0
end_of_record
TN:
SF:src\presentation\dto\user.dto.ts
FNF:0
FNH:0
DA:3,1
DA:10,1
LF:2
LH:2
BRF:0
BRH:0
end_of_record
